
2025/02/23 (14:53:06) | ===> btop++ v.1.4.0
2025/02/23 (14:53:06) | WARNING: Intel GPU: Failed to initialize PMU

2025/02/24 (09:49:39) | ===> btop++ v.1.4.0
2025/02/24 (09:49:39) | WARNING: Intel GPU: Failed to initialize PMU

2025/02/24 (09:52:06) | ===> btop++ v.1.4.0
2025/02/24 (09:52:06) | WARNING: Intel GPU: Failed to initialize PMU
2025/02/24 (14:55:52) | ERROR: Couldn't determine terminal size of "STDOUT_FILENO"!
2025/02/24 (14:55:52) | ERROR: Couldn't determine terminal size of "/dev/tty"!

2025/02/24 (16:33:54) | ===> btop++ v.1.4.0
2025/02/24 (16:33:54) | WARNING: Intel GPU: Failed to initialize PMU

2025/02/26 (10:51:15) | ===> btop++ v.1.4.0
2025/02/26 (10:51:15) | WARNING: Intel GPU: Failed to initialize PMU

2025/03/03 (12:27:05) | ===> btop++ v.1.4.0
2025/03/03 (12:27:05) | WARNING: Intel GPU: Failed to initialize PMU

2025/03/04 (01:39:27) | ===> btop++ v.1.4.0
2025/03/04 (01:39:27) | WARNING: Intel GPU: Failed to initialize PMU

2025/03/04 (01:40:00) | ===> btop++ v.1.4.0
2025/03/04 (01:40:00) | WARNING: Intel GPU: Failed to initialize PMU

2025/03/04 (01:40:28) | ===> btop++ v.1.4.0
2025/03/04 (01:40:28) | WARNING: Intel GPU: Failed to initialize PMU

2025/03/04 (01:44:07) | ===> btop++ v.1.4.0
2025/03/04 (01:44:07) | WARNING: Intel GPU: Failed to initialize PMU

2025/03/04 (02:05:15) | ===> btop++ v.1.4.0
2025/03/04 (02:05:15) | WARNING: Intel GPU: Failed to initialize PMU

2025/03/04 (11:04:29) | ===> btop++ v.1.4.0
2025/03/04 (11:04:29) | WARNING: Intel GPU: Failed to initialize PMU

2025/03/04 (11:40:04) | ===> btop++ v.1.4.0
2025/03/04 (11:40:04) | WARNING: Intel GPU: Failed to initialize PMU

2025/03/05 (05:15:55) | ===> btop++ v.1.4.0
2025/03/05 (05:15:55) | WARNING: Intel GPU: Failed to initialize PMU

2025/03/05 (15:58:16) | ===> btop++ v.1.4.0
2025/03/05 (15:58:16) | WARNING: Intel GPU: Failed to initialize PMU

2025/03/06 (02:37:56) | ===> btop++ v.1.4.0
2025/03/06 (02:37:56) | WARNING: Intel GPU: Failed to initialize PMU
2025/03/06 (04:59:59) | ERROR: Couldn't determine terminal size of "STDOUT_FILENO"!
2025/03/06 (04:59:59) | ERROR: Couldn't determine terminal size of "/dev/tty"!

2025/03/06 (11:39:59) | ===> btop++ v.1.4.0
2025/03/06 (11:39:59) | WARNING: Intel GPU: Failed to initialize PMU

2025/03/06 (11:41:51) | ===> btop++ v.1.4.0
2025/03/06 (11:41:51) | WARNING: Intel GPU: Failed to initialize PMU

2025/03/06 (11:42:17) | ===> btop++ v.1.4.0
2025/03/06 (11:42:17) | WARNING: Intel GPU: Failed to initialize PMU

2025/03/06 (11:42:47) | ===> btop++ v.1.4.0
2025/03/06 (11:42:47) | WARNING: Intel GPU: Failed to initialize PMU

2025/03/06 (13:29:09) | ===> btop++ v.1.4.0
2025/03/06 (13:29:09) | WARNING: Intel GPU: Failed to initialize PMU

2025/03/07 (11:52:10) | ===> btop++ v.1.4.0
2025/03/07 (11:52:10) | WARNING: Intel GPU: Failed to initialize PMU

2025/03/07 (11:53:09) | ===> btop++ v.1.4.0
2025/03/07 (11:53:09) | WARNING: Intel GPU: Failed to initialize PMU

2025/03/07 (11:54:02) | ===> btop++ v.1.4.0
2025/03/07 (11:54:02) | WARNING: Intel GPU: Failed to initialize PMU

2025/03/07 (12:00:56) | ===> btop++ v.1.4.0
2025/03/07 (12:00:56) | WARNING: Intel GPU: Failed to initialize PMU

2025/03/07 (14:32:46) | ===> btop++ v.1.4.0
2025/03/07 (14:32:46) | WARNING: Intel GPU: Failed to initialize PMU

2025/03/07 (15:35:54) | ===> btop++ v.1.4.0
2025/03/07 (15:35:54) | WARNING: Intel GPU: Failed to initialize PMU

2025/03/07 (23:12:18) | ===> btop++ v.1.4.0
2025/03/07 (23:12:18) | WARNING: Intel GPU: Failed to initialize PMU

2025/03/08 (12:47:15) | ===> btop++ v.1.4.0
2025/03/08 (12:47:15) | WARNING: Intel GPU: Failed to initialize PMU

2025/03/08 (18:16:32) | ===> btop++ v.1.4.0
2025/03/08 (18:16:32) | WARNING: Intel GPU: Failed to initialize PMU

2025/03/09 (09:32:52) | ===> btop++ v.1.4.0
2025/03/09 (09:32:52) | WARNING: Intel GPU: Failed to initialize PMU

2025/03/09 (12:14:21) | ===> btop++ v.1.4.0
2025/03/09 (12:14:21) | WARNING: Intel GPU: Failed to initialize PMU

2025/03/09 (16:41:11) | ===> btop++ v.1.4.0
2025/03/09 (16:41:11) | WARNING: Intel GPU: Failed to initialize PMU

2025/03/09 (18:40:55) | ===> btop++ v.1.4.0
2025/03/09 (18:40:55) | WARNING: Intel GPU: Failed to initialize PMU

2025/03/10 (00:10:13) | ===> btop++ v.1.4.0
2025/03/10 (00:10:13) | WARNING: Intel GPU: Failed to initialize PMU

2025/03/10 (02:10:33) | ===> btop++ v.1.4.0
2025/03/10 (02:10:33) | WARNING: Intel GPU: Failed to initialize PMU

2025/03/10 (02:11:46) | ===> btop++ v.1.4.0
2025/03/10 (02:11:46) | WARNING: Intel GPU: Failed to initialize PMU

2025/03/10 (10:35:33) | ===> btop++ v.1.4.0
2025/03/10 (10:35:33) | WARNING: Intel GPU: Failed to initialize PMU

2025/03/10 (13:21:57) | ===> btop++ v.1.4.0
2025/03/10 (13:21:57) | WARNING: Intel GPU: Failed to initialize PMU

2025/03/10 (13:47:26) | ===> btop++ v.1.4.0
2025/03/10 (13:47:26) | WARNING: Intel GPU: Failed to initialize PMU

2025/03/10 (17:53:54) | ===> btop++ v.1.4.0
2025/03/10 (17:53:54) | WARNING: Intel GPU: Failed to initialize PMU

2025/03/12 (14:20:11) | ===> btop++ v.1.4.0
2025/03/12 (14:20:11) | WARNING: Intel GPU: Failed to initialize PMU

2025/03/12 (14:32:17) | ===> btop++ v.1.4.0
2025/03/12 (14:32:17) | WARNING: Intel GPU: Failed to initialize PMU
2025/03/12 (16:51:44) | ERROR: Stall in Runner thread, restarting!
2025/03/12 (16:51:54) | ERROR: Stall in Runner thread, restarting!
2025/03/12 (16:51:59) | WARNING: Error in Mem::collect() : std::future_error: No associated state
2025/03/12 (16:52:48) | ERROR: Stall in Runner thread, restarting!
2025/03/12 (16:54:08) | ERROR: Stall in Runner thread, restarting!

2025/03/12 (18:41:55) | ===> btop++ v.1.4.0
2025/03/12 (18:41:55) | WARNING: Intel GPU: Failed to initialize PMU

2025/03/13 (00:57:35) | ===> btop++ v.1.4.0
2025/03/13 (00:57:35) | WARNING: Intel GPU: Failed to initialize PMU

2025/03/13 (01:15:58) | ===> btop++ v.1.4.0
2025/03/13 (01:15:58) | WARNING: Intel GPU: Failed to initialize PMU

2025/03/13 (01:42:43) | ===> btop++ v.1.4.0
2025/03/13 (01:42:43) | WARNING: Intel GPU: Failed to initialize PMU

2025/03/13 (13:31:31) | ===> btop++ v.1.4.0
2025/03/13 (13:31:31) | WARNING: Intel GPU: Failed to initialize PMU

2025/03/13 (20:13:12) | ===> btop++ v.1.4.0
2025/03/13 (20:13:12) | WARNING: Intel GPU: Failed to initialize PMU

2025/03/14 (17:01:51) | ===> btop++ v.1.4.0
2025/03/14 (17:01:51) | WARNING: Intel GPU: Failed to initialize PMU
2025/03/14 (17:06:46) | ERROR: Couldn't determine terminal size of "STDOUT_FILENO"!
2025/03/14 (17:06:46) | ERROR: Couldn't determine terminal size of "/dev/tty"!

2025/03/14 (22:46:29) | ===> btop++ v.1.4.0
2025/03/14 (22:46:29) | WARNING: Intel GPU: Failed to initialize PMU

2025/03/14 (22:52:45) | ===> btop++ v.1.4.0
2025/03/14 (22:52:45) | WARNING: Intel GPU: Failed to initialize PMU

2025/03/15 (17:16:10) | ===> btop++ v.1.4.0
2025/03/15 (17:16:10) | WARNING: Intel GPU: Failed to initialize PMU

2025/03/18 (18:26:08) | ===> btop++ v.1.4.0
2025/03/18 (18:26:08) | WARNING: Intel GPU: Failed to initialize PMU

2025/03/18 (20:25:46) | ===> btop++ v.1.4.0
2025/03/18 (20:25:46) | WARNING: Intel GPU: Failed to initialize PMU

2025/03/18 (23:57:04) | ===> btop++ v.1.4.0
2025/03/18 (23:57:04) | WARNING: Intel GPU: Failed to initialize PMU
2025/03/19 (00:36:07) | ERROR: Couldn't determine terminal size of "STDOUT_FILENO"!
2025/03/19 (00:36:07) | ERROR: Couldn't determine terminal size of "/dev/tty"!

2025/03/19 (01:43:53) | ===> btop++ v.1.4.0
2025/03/19 (01:43:53) | WARNING: Intel GPU: Failed to initialize PMU

2025/03/19 (13:00:22) | ===> btop++ v.1.4.0
2025/03/19 (13:00:22) | WARNING: Intel GPU: Failed to initialize PMU
2025/03/19 (13:18:46) | ERROR: Couldn't determine terminal size of "STDOUT_FILENO"!
2025/03/19 (13:18:46) | ERROR: Couldn't determine terminal size of "/dev/tty"!

2025/03/19 (13:39:35) | ===> btop++ v.1.4.0
2025/03/19 (13:39:35) | WARNING: Intel GPU: Failed to initialize PMU

2025/03/19 (14:17:40) | ===> btop++ v.1.4.0
2025/03/19 (14:17:40) | WARNING: Intel GPU: Failed to initialize PMU

2025/03/19 (16:39:35) | ===> btop++ v.1.4.0
2025/03/19 (16:39:35) | WARNING: Intel GPU: Failed to initialize PMU

2025/03/19 (18:48:33) | ===> btop++ v.1.4.0
2025/03/19 (18:48:33) | WARNING: Intel GPU: Failed to initialize PMU

2025/03/20 (08:24:12) | ===> btop++ v.1.4.0
2025/03/20 (08:24:12) | WARNING: Intel GPU: Failed to initialize PMU

2025/03/20 (11:03:30) | ===> btop++ v.1.4.0
2025/03/20 (11:03:30) | WARNING: Intel GPU: Failed to initialize PMU

2025/03/20 (14:33:18) | ===> btop++ v.1.4.0
2025/03/20 (14:33:18) | WARNING: Intel GPU: Failed to initialize PMU
2025/03/20 (15:00:27) | ERROR: Couldn't determine terminal size of "STDOUT_FILENO"!
2025/03/20 (15:00:27) | ERROR: Couldn't determine terminal size of "/dev/tty"!

2025/03/20 (19:29:51) | ===> btop++ v.1.4.0
2025/03/20 (19:29:51) | WARNING: Intel GPU: Failed to initialize PMU

2025/03/21 (07:04:27) | ===> btop++ v.1.4.0
2025/03/21 (07:04:27) | WARNING: Intel GPU: Failed to initialize PMU

2025/03/21 (09:54:01) | ===> btop++ v.1.4.0
2025/03/21 (09:54:01) | WARNING: Intel GPU: Failed to initialize PMU

2025/03/21 (22:30:18) | ===> btop++ v.1.4.0
2025/03/21 (22:30:18) | WARNING: Intel GPU: Failed to initialize PMU
2025/03/22 (00:03:40) | WARNING: Failed to join _runner thread on exit!
